<?xml version="1.0" encoding="UTF-8"?>
<testsuite xmlns:xsi="http://www.w3.org/2001/XMLSchema-instance" xsi:noNamespaceSchemaLocation="https://maven.apache.org/surefire/maven-surefire-plugin/xsd/surefire-test-report-3.0.xsd" version="3.0" name="com.jgibank.JgibankApplicationTests" time="31.278" tests="1" errors="0" skipped="0" failures="0">
  <properties>
[...]
</properties>
  <testcase name="contextLoads" classname="com.jgibank.JgibankApplicationTests" time="1.13">
    <system-out><![CDATA[22:07:46.429 [main] INFO org.springframework.test.context.support.AnnotationConfigContextLoaderUtils -- Could not detect default configuration classes for test class [com.jgibank.JgibankApplicationTests]: JgibankApplicationTests does not declare any static, non-private, non-final, nested classes annotated with @Configuration.
22:07:46.680 [main] INFO org.springframework.boot.test.context.SpringBootTestContextBootstrapper -- Found @SpringBootConfiguration com.jgibank.JgibankApplication for test class com.jgibank.JgibankApplicationTests

  .   ____          _            __ _ _
 /\\ / ___'_ __ _ _(_)_ __  __ _ \ \ \ \
( ( )\___ | '_ | '_| | '_ \/ _` | \ \ \ \
 \\/  ___)| |_)| | | | | || (_| |  ) ) ) )
  '  |____| .__|_| |_|_| |_\__, | / / / /
 =========|_|==============|___/=/_/_/_/
 :: Spring Boot ::                (v3.1.2)

2023-08-18T22:07:47.938+05:30  INFO 17828 --- [           main] com.jgibank.JgibankApplicationTests      : Starting JgibankApplicationTests using Java 17.0.7 with PID 17828 (started by mulkya in C:\Users\mulkya\Desktop\FULLSTACK\SPRING BOOT\JGI Project\jgibank)
2023-08-18T22:07:47.938+05:30  INFO 17828 --- [           main] com.jgibank.JgibankApplicationTests      : No active profile set, falling back to 1 default profile: "default"
2023-08-18T22:07:50.265+05:30  INFO 17828 --- [           main] .s.d.r.c.RepositoryConfigurationDelegate : Bootstrapping Spring Data JPA repositories in DEFAULT mode.
2023-08-18T22:07:50.454+05:30  INFO 17828 --- [           main] .s.d.r.c.RepositoryConfigurationDelegate : Finished Spring Data repository scanning in 171 ms. Found 4 JPA repository interfaces.
2023-08-18T22:07:51.866+05:30  INFO 17828 --- [           main] o.hibernate.jpa.internal.util.LogHelper  : HHH000204: Processing PersistenceUnitInfo [name: default]
2023-08-18T22:07:52.070+05:30  INFO 17828 --- [           main] org.hibernate.Version                    : HHH000412: Hibernate ORM core version 6.2.6.Final
2023-08-18T22:07:52.070+05:30  INFO 17828 --- [           main] org.hibernate.cfg.Environment            : HHH000406: Using bytecode reflection optimizer
2023-08-18T22:07:52.823+05:30  INFO 17828 --- [           main] o.h.b.i.BytecodeProviderInitiator        : HHH000021: Bytecode provider name : bytebuddy
2023-08-18T22:07:53.467+05:30  INFO 17828 --- [           main] o.s.o.j.p.SpringPersistenceUnitInfo      : No LoadTimeWeaver setup: ignoring JPA class transformer
2023-08-18T22:07:53.535+05:30  INFO 17828 --- [           main] com.zaxxer.hikari.HikariDataSource       : HikariPool-1 - Starting...
2023-08-18T22:07:57.633+05:30  INFO 17828 --- [           main] com.zaxxer.hikari.pool.HikariPool        : HikariPool-1 - Added connection com.mysql.cj.jdbc.ConnectionImpl@1857fe6c
2023-08-18T22:07:57.646+05:30  INFO 17828 --- [           main] com.zaxxer.hikari.HikariDataSource       : HikariPool-1 - Start completed.
2023-08-18T22:07:59.473+05:30  INFO 17828 --- [           main] o.h.b.i.BytecodeProviderInitiator        : HHH000021: Bytecode provider name : bytebuddy
2023-08-18T22:08:01.784+05:30  INFO 17828 --- [           main] o.h.e.t.j.p.i.JtaPlatformInitiator       : HHH000490: Using JtaPlatform implementation: [org.hibernate.engine.transaction.jta.platform.internal.NoJtaPlatform]
Hibernate: create table account (account_id bigint not null auto_increment, account_number varchar(255) not null, account_type enum ('CURRENT','SAVINGS') not null, bank_branch enum ('ANDHERI','CHEMBUR','DAHISAR','GOREGAON','MALAD','MIRAROAD') not null, customer_id bigint not null, ifsc_code enum ('JGIBANK001','JGIBANK002','JGIBANK003') not null, minimum_balance decimal(38,2) not null, total_balance decimal(38,2) not null, primary key (account_id)) engine=InnoDB
Hibernate: create table beneficiary (beneficiary_id bigint not null auto_increment, account_id bigint not null, beneficiary_account_number varchar(255) not null, beneficiary_bank_name varchar(255) not null, beneficiary_name varchar(255) not null, maximum_transfer_limit decimal(38,2) not null, primary key (beneficiary_id)) engine=InnoDB
Hibernate: create table customer (customer_id bigint not null auto_increment, address varchar(255) not null, email varchar(255) not null, full_name varchar(255) not null, gender enum ('FEMALE','MALE','OTHER') not null, password varchar(255) not null, phone_number varchar(10) not null, role enum ('ROLE_ADMIN','ROLE_USER') not null, username varchar(255) not null, primary key (customer_id)) engine=InnoDB
Hibernate: create table transaction (transaction_id bigint not null auto_increment, account_id bigint not null, balance decimal(38,2) not null, deposit decimal(38,2) not null, created_at datetime(6) not null, transfer_from varchar(255) not null, transfer_to varchar(255) not null, withdraw decimal(38,2) not null, primary key (transaction_id)) engine=InnoDB
Hibernate: alter table account drop index UK_66gkcp94endmotfwb8r4ocxm9
Hibernate: alter table account add constraint UK_66gkcp94endmotfwb8r4ocxm9 unique (account_number)
Hibernate: alter table customer drop index UK_dwk6cx0afu8bs9o4t536v1j5v
Hibernate: alter table customer add constraint UK_dwk6cx0afu8bs9o4t536v1j5v unique (email)
Hibernate: alter table customer drop index UK_irnrrncatp2fvw52vp45j7rlw
Hibernate: alter table customer add constraint UK_irnrrncatp2fvw52vp45j7rlw unique (username)
Hibernate: alter table account add constraint FKnnwpo0lfq4xai1rs6887sx02k foreign key (customer_id) references customer (customer_id)
Hibernate: alter table beneficiary add constraint FKlp1yncdnefvnu7lx58o0i9ywv foreign key (account_id) references account (account_id)
Hibernate: alter table transaction add constraint FK6g20fcr3bhr6bihgy24rq1r1b foreign key (account_id) references account (account_id)
2023-08-18T22:08:10.620+05:30  INFO 17828 --- [           main] j.LocalContainerEntityManagerFactoryBean : Initialized JPA EntityManagerFactory for persistence unit 'default'
2023-08-18T22:08:12.692+05:30  WARN 17828 --- [           main] JpaBaseConfiguration$JpaWebConfiguration : spring.jpa.open-in-view is enabled by default. Therefore, database queries may be performed during view rendering. Explicitly configure spring.jpa.open-in-view to disable this warning
2023-08-18T22:08:15.115+05:30  INFO 17828 --- [           main] o.s.s.web.DefaultSecurityFilterChain     : Will secure any request with [org.springframework.security.web.session.DisableEncodeUrlFilter@2d541e01, org.springframework.security.web.context.request.async.WebAsyncManagerIntegrationFilter@4c897417, org.springframework.security.web.context.SecurityContextHolderFilter@2c6553c6, org.springframework.security.web.header.HeaderWriterFilter@383a5260, org.springframework.web.filter.CorsFilter@5a8d03ce, org.springframework.security.web.authentication.logout.LogoutFilter@597eb9ac, com.jgibank.security.JwtAuthenticationFilter@433362e0, org.springframework.security.web.savedrequest.RequestCacheAwareFilter@1503f434, org.springframework.security.web.servletapi.SecurityContextHolderAwareRequestFilter@7c8cea05, org.springframework.security.web.authentication.AnonymousAuthenticationFilter@14ecd835, org.springframework.security.web.session.SessionManagementFilter@35a81281, org.springframework.security.web.access.ExceptionTranslationFilter@130ad58d, org.springframework.security.web.access.intercept.AuthorizationFilter@5ce7ab6f]
2023-08-18T22:08:16.102+05:30  INFO 17828 --- [           main] com.jgibank.JgibankApplicationTests      : Started JgibankApplicationTests in 28.988 seconds (process running for 31.345)
]]></system-out>
  </testcase>
</testsuite>